98c98,99
< 	rm -rf ./build-output/gnuradio
---
> 	mkdir -p build-output/gnuradio/wasm
> 	chmod 777 build-output/gnuradio/wasm
100c101,102
< 	mv build-output/gnuradio/lib build-output/gnuradio/_lib
---
> 	mkdir -p build-output/gnuradio/_lib
> 	chmod 777 build-output/gnuradio/_lib
107c109,110
< 	rm -rf ./build-output/gnuradio
---
> 	mkdir -p build-output/gnuradio/wasm
> 	chmod 777 build-output/gnuradio/wasm
109c112,113
< 	mv build-output/gnuradio/lib build-output/gnuradio/_lib
---
> 	mkdir -p build-output/gnuradio/_lib
> 	chmod 777 build-output/gnuradio/_lib
124c128
< 	cd ~/git/gnuradio-web/grc-dev && find . -name "*.py" | xargs ../build-output/cpython/wasm/bin/python3.11-i386 -m compileall
---
> 	cd /home/shh/gnuradio-web/grc-dev && find . -name "*.py" | xargs ../build-output/cpython/wasm/bin/python3.11-i386 -m compileall
