Step 45/62 : RUN mkdir -p /opt/gnuradio/build &&     cd /opt/gnuradio/build && emcmake cmake     -DCMAKE_INSTALL_PREFIX=/opt/cpython/wasm/     -DCMAKE_CXX_FLAGS="${CFLAGS} --std=c17 -I/build/include"     -DCMAKE_SHARED_LINKER_FLAGS="${LDFLAGS} -s USE_ZLIB -s USE_FREETYPE -s MAX_WEBGL_VERSION=2"     -DPYTHON_EXECUTABLE=/opt/cpython/wasm/bin/python3.11     -DPYTHON_LIBRARIES=/opt/cpython/wasm/lib/python3.11     -DPYTHON_INCLUDE_DIR=/opt/cpython/wasm/include/python3.11     -DPYTHON_LIBRARY=/opt/cpython/wasm/lib/libpython3.11.a     -DENABLE_DEFAULT=OFF     -DMPIRXX_LIBRARY=/build/lib/libmpirxx.a     -DMPIR_LIBRARY=/build/lib/libmpir.a     -DMPIR_INCLUDE_DIR=/build/include     -Dspdlog_DIR=/build/lib/cmake/spdlog     -DENABLE_PYTHON=ON     -DENABLE_GNURADIO_RUNTIME=ON     -DENABLE_GRC=ON     -DENABLE_GR_BLOCKS=ON     -DENABLE_GR_QTGUI=ON     -DENABLE_GR_FFT=ON     -DENABLE_GR_FILTER=ON     -DENABLE_GR_ANALOG=ON     -DENABLE_GR_DIGITAL=ON     -DENABLE_GR_CHANNELS=ON     -DENABLE_GR_PDU=ON     -DENABLE_EXAMPLES=OFF     -DTRY_SHM_VMCIRCBUF=OFF     -DFFTW3f_LIBRARIES=/build/lib/libfftw3f.a     -DQWT_LIBRARIES=/build/lib/libqwt.a     -DQt5Widgets_DIR=/build/lib/cmake/Qt5Widgets     -DQt5Gui_DIR=/build/lib/cmake/Qt5Gui     -DQt5Core_DIR=/build/lib/cmake/Qt5Core     -DQt5FontDatabaseSupport_DIR=/build/lib/cmake/Qt5FontDatabaseSupport     -DQt5EglSupport_DIR=/build/lib/cmake/Qt5EglSupport     -DQt5Zlib_DIR=/build/lib/cmake/Qt5Zlib     -DQt5EventDispatcherSupport_DIR=/build/lib/cmake/Qt5EventDispatcherSupport     -DQWT_INCLUDE_DIRS=/build/include     -DFFTW3f_INCLUDE_DIRS=/build/include     -DBoost_NO_SYSTEM_PATHS=ON     -DBoost_USE_STATIC_LIBS=ON/     -DBoost_USE_STATIC_RUNTIME=OFF     -DBoost_USE_MULTITHREADED=ON     -DCMAKE_EXECUTABLE_SUFFIX=''     -Dpybind11_DIR=/opt/cpython/wasm/lib/python3.11/site-packages/pybind11/share/cmake/pybind11     -Dfmt_DIR=/build/lib/cmake/fmt     -DVolk_DIR=/build/lib/cmake/volk     -DBoost_INCLUDE_DIR=/build/include     -DBoost_LIBRARY_DIR=/build/lib/     ../
 ---> Running in 6164920ec487
configure: cmake -DCMAKE_INSTALL_PREFIX=/opt/cpython/wasm/ "-DCMAKE_CXX_FLAGS=-pthread -O3 -static --std=c17 -I/build/include" "-DCMAKE_SHARED_LINKER_FLAGS=-pthread -s USE_ZLIB -s WASM_BIGINT -s USE_PTHREADS -s ALLOW_MEMORY_GROWTH -s LLD_REPORT_UNDEFINED -s ERROR_ON_UNDEFINED_SYMBOLS=0 -s EXIT_RUNTIME -lnodefs.js -s NODERAWFS -s FORCE_FILESYSTEM -s USE_ZLIB -s USE_FREETYPE -s MAX_WEBGL_VERSION=2" -DPYTHON_EXECUTABLE=/opt/cpython/wasm/bin/python3.11 -DPYTHON_LIBRARIES=/opt/cpython/wasm/lib/python3.11 -DPYTHON_INCLUDE_DIR=/opt/cpython/wasm/include/python3.11 -DPYTHON_LIBRARY=/opt/cpython/wasm/lib/libpython3.11.a -DENABLE_DEFAULT=OFF -DMPIRXX_LIBRARY=/build/lib/libmpirxx.a -DMPIR_LIBRARY=/build/lib/libmpir.a -DMPIR_INCLUDE_DIR=/build/include -Dspdlog_DIR=/build/lib/cmake/spdlog -DENABLE_PYTHON=ON -DENABLE_GNURADIO_RUNTIME=ON -DENABLE_GRC=ON -DENABLE_GR_BLOCKS=ON -DENABLE_GR_QTGUI=ON -DENABLE_GR_FFT=ON -DENABLE_GR_FILTER=ON -DENABLE_GR_ANALOG=ON -DENABLE_GR_DIGITAL=ON -DENABLE_GR_CHANNELS=ON -DENABLE_GR_PDU=ON -DENABLE_EXAMPLES=OFF -DTRY_SHM_VMCIRCBUF=OFF -DFFTW3f_LIBRARIES=/build/lib/libfftw3f.a -DQWT_LIBRARIES=/build/lib/libqwt.a -DQt5Widgets_DIR=/build/lib/cmake/Qt5Widgets -DQt5Gui_DIR=/build/lib/cmake/Qt5Gui -DQt5Core_DIR=/build/lib/cmake/Qt5Core -DQt5FontDatabaseSupport_DIR=/build/lib/cmake/Qt5FontDatabaseSupport -DQt5EglSupport_DIR=/build/lib/cmake/Qt5EglSupport -DQt5Zlib_DIR=/build/lib/cmake/Qt5Zlib -DQt5EventDispatcherSupport_DIR=/build/lib/cmake/Qt5EventDispatcherSupport -DQWT_INCLUDE_DIRS=/build/include -DFFTW3f_INCLUDE_DIRS=/build/include -DBoost_NO_SYSTEM_PATHS=ON -DBoost_USE_STATIC_LIBS=ON/ -DBoost_USE_STATIC_RUNTIME=OFF -DBoost_USE_MULTITHREADED=ON -DCMAKE_EXECUTABLE_SUFFIX= -Dpybind11_DIR=/opt/cpython/wasm/lib/python3.11/site-packages/pybind11/share/cmake/pybind11 -Dfmt_DIR=/build/lib/cmake/fmt -DVolk_DIR=/build/lib/cmake/volk -DBoost_INCLUDE_DIR=/build/include -DBoost_LIBRARY_DIR=/build/lib/ ../ -DCMAKE_TOOLCHAIN_FILE=/opt/emsdk/upstream/emscripten/cmake/Modules/Platform/Emscripten.cmake -DCMAKE_CROSSCOMPILING_EMULATOR=/opt/emsdk/node/14.18.2_64bit/bin/node;--experimental-wasm-threads
-- Build type set to Release.
-- Build date set to Sun, 26 Jun 2022 12:08:37Z.
-- Found Git: /usr/bin/git  
-- Extracting version information from git describe...
-- Performing Test CMAKE_HAVE_LIBC_PTHREAD
-- Performing Test CMAKE_HAVE_LIBC_PTHREAD - Success
-- Found Threads: TRUE  
-- Found Boost: /build/include (found suitable version "1.71.0", minimum required is "1.69") found components: date_time program_options system regex thread chrono atomic missing components: unit_test_framework
-- 
-- Configuring testing-support support...
--   Dependency Boost_UNIT_TEST_FRAMEWORK_FOUND = 
--   Disabling testing-support support.
--   Override with -DENABLE_TESTING=ON/OFF
-- Performing Test HAVE_VISIBILITY_HIDDEN
-- Performing Test HAVE_VISIBILITY_HIDDEN - Success
-- Performing Test HAVE_WARN_SIGN_COMPARE
-- Performing Test HAVE_WARN_SIGN_COMPARE - Success
-- Performing Test HAVE_WARN_ALL
-- Performing Test HAVE_WARN_ALL - Success
-- Performing Test HAVE_WARN_NO_UNINITIALIZED
-- Performing Test HAVE_WARN_NO_UNINITIALIZED - Success
-- Compiler Version: emcc (Emscripten gcc/clang-like replacement + linker emulating GNU ld) 3.1.1 (1934a98e709b57d3592b8272d3f1264a72c089e4)
Copyright (C) 2014 the Emscripten authors (see AUTHORS.txt)
This is free and open source software under the MIT license.
There is NO warranty; not even for MERCHANTABILITY or FITNESS FOR A PARTICULAR PURPOSE.
-- Compiler Flags: /opt/emsdk/upstream/emscripten/emcc:::-O3 -DNDEBUG -pthread -O3 -static -fvisibility=hidden -Wsign-compare -Wall -Wno-uninitialized
/opt/emsdk/upstream/emscripten/em++:::-O3 -DNDEBUG -pthread -O3 -static --std=c17 -I/build/include -fvisibility=hidden -Wsign-compare -Wall -Wno-uninitialized
-- ADDING PERF COUNTERS
-- User set python executable /opt/cpython/wasm/bin/python3.11
-- Found PythonInterp: /opt/cpython/wasm/bin/python3.11 (found suitable version "3.11", minimum required is "3.6.5") 
-- Found PythonLibs: /opt/cpython/wasm/lib/libpython3.11.a (found suitable exact version "3.11.0a3+") 
-- Python checking for packaging - found
-- Python checking for numpy - found
-- Python checking for pygccxml - not found
-- 
-- ***************************** WARNING!!! *************************
-- pygccxml is highly recommended for using gr_modtool
-- and is either not present or below the minimum version 2.0.0
-- Only trivial bindings will be generated using gr_modtool bind 
-- ******************************************************************
-- Found PythonInterp: /opt/cpython/wasm/bin/python3.11 (found version "3.11") 
-- Found PythonLibs: /opt/cpython/wasm/lib/libpython3.11.a
-- Performing Test HAS_FLTO
-- Performing Test HAS_FLTO - Success
-- Performing Test HAS_FLTO_THIN
-- Performing Test HAS_FLTO_THIN - Success
-- Found pybind11: /opt/cpython/wasm/lib/python3.11/site-packages/pybind11/include (found version "2.9.2")
-- 
-- Configuring python-support support...
--   Dependency PYTHONLIBS_FOUND = TRUE
--   Dependency PACKAGING_FOUND = TRUE
--   Dependency pybind11_FOUND = 1
--   Dependency NUMPY_FOUND = TRUE
--   Enabling python-support support.
--   Override with -DENABLE_PYTHON=ON/OFF
-- 
-- Configuring VOLK support...
-- Found Volk: Volk::volk  
--   Found VOLK:
--   * Version: 2.5.1
--   * Libraries: Volk::volk
--   * Includes: /build/include
-- Not using additional GNU Radio native architecture optimizations.
-- Performing Test HAVE_CX_LIMITED_RANGE
-- Performing Test HAVE_CX_LIMITED_RANGE - Failed
-- Found PkgConfig: /usr/bin/pkg-config (found version "0.29.1") 
-- Checking for module 'gmp'
--   No package 'gmp' found
-- Could NOT find GMP (missing: GMPXX_LIBRARY GMP_LIBRARY GMP_INCLUDE_DIR) 
-- GMP not found; this is not a problem if MPIR can be found.
-- Checking for module 'mpir >= 3.0'
--   No package 'mpir' found
-- Found MPIR: /build/lib/libmpirxx.a  
-- MPIR found
-- Found MPLIB: /build/lib/libmpirxx.a  
-- 
-- Configuring post-install support...
--   Disabling post-install support.
--   Override with -DENABLE_POSTINSTALL=ON/OFF
-- Could NOT find Doxygen (missing: DOXYGEN_EXECUTABLE) 
-- Could NOT find MathJax2 (missing: MATHJAX2_JS_PATH) 
-- 
-- Configuring doxygen support...
--   Dependency DOXYGEN_FOUND = NO
--   Disabling doxygen support.
--   Override with -DENABLE_DOXYGEN=ON/OFF
-- 
-- Configuring man-pages support...
--   Disabling man-pages support.
--   Override with -DENABLE_MANPAGES=ON/OFF
-- Checking for module 'gmp'
--   No package 'gmp' found
-- Could NOT find GMP (missing: GMPXX_LIBRARY GMP_LIBRARY GMP_INCLUDE_DIR) 
-- GMP not found; this is not a problem if MPIR can be found.
-- Checking for module 'mpir >= 3.0'
--   No package 'mpir' found
-- MPIR found
-- Looking for C++ include sys/types.h
-- Looking for C++ include sys/types.h - found
-- Looking for C++ include sys/mman.h
-- Looking for C++ include sys/mman.h - found
-- Performing Test HAVE_SYSCONF
-- Performing Test HAVE_SYSCONF - Success
-- Performing Test HAVE_GETPAGESIZE
-- Performing Test HAVE_GETPAGESIZE - Success
-- Performing Test HAVE_PTHREAD_SIGMASK
-- Performing Test HAVE_PTHREAD_SIGMASK - Success
-- Performing Test HAVE_CREATEFILEMAPPING
-- Performing Test HAVE_CREATEFILEMAPPING - Failed
-- Performing Test HAVE_SHM_OPEN
-- Performing Test HAVE_SHM_OPEN - Success
-- Performing Test HAVE_SINCOS
-- Performing Test HAVE_SINCOS - Success
-- Performing Test HAVE_SINCOSF
-- Performing Test HAVE_SINCOSF - Success
-- Performing Test HAVE_SINF
-- Performing Test HAVE_SINF - Success
-- Performing Test HAVE_COSF
-- Performing Test HAVE_COSF - Success
-- Performing Test HAVE_MMAP
-- Performing Test HAVE_MMAP - Success
-- Performing Test HAVE_PTHREAD_SETSCHEDPARAM
-- Performing Test HAVE_PTHREAD_SETSCHEDPARAM - Success
-- Performing Test HAVE_SCHED_SETSCHEDULER
-- Performing Test HAVE_SCHED_SETSCHEDULER - Success
-- 
-- Configuring gnuradio-runtime support...
--   Dependency Boost_FOUND = TRUE
--   Dependency PYTHONINTERP_FOUND = TRUE
--   Dependency MPLIB_FOUND = TRUE
--   Dependency spdlog_FOUND = 1
--   Dependency pybind11_FOUND = 1
--   Dependency Volk_FOUND = 1
--   Enabling gnuradio-runtime support.
--   Override with -DENABLE_GNURADIO_RUNTIME=ON/OFF
-- 
-- Configuring common-precompiled-headers support...
--   Dependency ENABLE_GNURADIO_RUNTIME = ON
--   Dependency GR_CMAKE_HAS_PCH = 3.23.2
--   Disabling common-precompiled-headers support.
--   Override with -DENABLE_COMMON_PCH=ON/OFF
-- 
-- Configuring gr-ctrlport support...
--   Dependency Boost_FOUND = TRUE
--   Dependency ENABLE_GNURADIO_RUNTIME = ON
--   Disabling gr-ctrlport support.
--   Override with -DENABLE_GR_CTRLPORT=ON/OFF
-- Checking for module 'thrift'
--   No package 'thrift' found
-- thrift looking for version 0.13
-- Binary 'thrift' not found.
-- Looking for C++ include sys/resource.h
-- Looking for C++ include sys/resource.h - found
-- Checking for module 'libunwind'
--   No package 'libunwind' found
-- Loading build date Sun, 26 Jun 2022 12:08:37Z into constants...
-- Loading version 8326dda6 into constants...
CMake Warning (dev) at gnuradio-runtime/lib/pmt/CMakeLists.txt:8 (add_library):
  ADD_LIBRARY called with SHARED option but the target platform does not
  support dynamic linking.  Building a STATIC library instead.  This may lead
  to problems.
This warning is for project developers.  Use -Wno-dev to suppress it.

CMake Warning (dev) at gnuradio-runtime/lib/CMakeLists.txt:49 (add_library):
  ADD_LIBRARY called with SHARED option but the target platform does not
  support dynamic linking.  Building a STATIC library instead.  This may lead
  to problems.
This warning is for project developers.  Use -Wno-dev to suppress it.

-- TRY_SHM_VMCIRCBUF set to OFF.
CMake Warning (dev) at /opt/cpython/wasm/lib/python3.11/site-packages/pybind11/share/cmake/pybind11/pybind11Tools.cmake:165 (add_library):
  ADD_LIBRARY called with MODULE option but the target platform does not
  support dynamic linking.  Building a STATIC library instead.  This may lead
  to problems.
Call Stack (most recent call first):
  cmake/Modules/GrPybind.cmake:119 (pybind11_add_module)
  gnuradio-runtime/python/gnuradio/gr/bindings/CMakeLists.txt:86 (GR_PYBIND_MAKE_CHECK_HASH)
This warning is for project developers.  Use -Wno-dev to suppress it.

CMake Warning (dev) at /opt/cpython/wasm/lib/python3.11/site-packages/pybind11/share/cmake/pybind11/pybind11Tools.cmake:165 (add_library):
  ADD_LIBRARY called with MODULE option but the target platform does not
  support dynamic linking.  Building a STATIC library instead.  This may lead
  to problems.
Call Stack (most recent call first):
  cmake/Modules/GrPybind.cmake:9 (pybind11_add_module)
  gnuradio-runtime/python/pmt/bindings/CMakeLists.txt:13 (GR_PYBIND_MAKE)
This warning is for project developers.  Use -Wno-dev to suppress it.

-- 
-- Python checking for PyYAML >= 3.11 - found
-- Python checking for mako >= 1.1.0 - found
-- Python checking for pygobject >= 2.28.6 - not found
-- Python checking for Gtk (GI) >= 3.10.8 - not found
-- Python checking for Cairo (GI) >= 1.0 - not found
-- Python checking for PangoCairo (GI) >= 1.0 - not found
-- Python checking for numpy - found
-- Python checking for jsonschema - not found
-- 
-- Configuring gnuradio-companion support...
--   Dependency ENABLE_GNURADIO_RUNTIME = ON
--   Dependency ENABLE_PYTHON = ON
--   Enabling gnuradio-companion support.
--   Override with -DENABLE_GRC=ON/OFF
-- 
-- Configuring JSON/YAML config blocks support...
--   Dependency ENABLE_GRC = ON
--   Dependency JSONSCHEMA_FOUND = FALSE
--   Disabling JSON/YAML config blocks support.
--   Override with -DENABLE_JSONYAML_BLOCKS=ON/OFF
-- Checking for module 'sndfile'
--   No package 'sndfile' found
-- Could NOT find SNDFILE (missing: SNDFILE_LIBRARIES SNDFILE_INCLUDE_DIRS) 
-- 
-- ********************* WARNING!!! *********************
-- libsndfile1-dev is required to compile wavfile blocks.
-- Wav File Sink and Source blocks will not be available.
-- ******************************************************
-- 
-- Configuring gr-blocks support...
--   Dependency Boost_FOUND = TRUE
--   Dependency ENABLE_GNURADIO_RUNTIME = ON
--   Enabling gr-blocks support.
--   Override with -DENABLE_GR_BLOCKS=ON/OFF
-- Looking for C++ include io.h
-- Looking for C++ include io.h - not found
CMake Warning (dev) at gr-blocks/lib/CMakeLists.txt:168 (add_library):
  ADD_LIBRARY called with SHARED option but the target platform does not
  support dynamic linking.  Building a STATIC library instead.  This may lead
  to problems.
This warning is for project developers.  Use -Wno-dev to suppress it.

CMake Warning (dev) at /opt/cpython/wasm/lib/python3.11/site-packages/pybind11/share/cmake/pybind11/pybind11Tools.cmake:165 (add_library):
  ADD_LIBRARY called with MODULE option but the target platform does not
  support dynamic linking.  Building a STATIC library instead.  This may lead
  to problems.
Call Stack (most recent call first):
  cmake/Modules/GrPybind.cmake:119 (pybind11_add_module)
  gr-blocks/python/blocks/bindings/CMakeLists.txt:170 (GR_PYBIND_MAKE_CHECK_HASH)
This warning is for project developers.  Use -Wno-dev to suppress it.

-- Could NOT find GSL (missing: GSL_INCLUDE_DIR GSL_LIBRARY GSL_CBLAS_LIBRARY) (found version "")
-- 
-- Configuring gr-fec support...
--   Dependency ENABLE_GNURADIO_RUNTIME = ON
--   Dependency ENABLE_GR_BLOCKS = ON
--   Disabling gr-fec support.
--   Override with -DENABLE_GR_FEC=ON/OFF
-- Checking for module 'fftw3f >= 3.0'
--   No package 'fftw3f' found
-- Found FFTW3f: /build/lib/libfftw3f.a  
-- 
-- Configuring gr-fft support...
--   Dependency Boost_FOUND = TRUE
--   Dependency ENABLE_GNURADIO_RUNTIME = ON
--   Dependency ENABLE_GR_BLOCKS = ON
--   Dependency FFTW3f_FOUND = TRUE
--   Enabling gr-fft support.
--   Override with -DENABLE_GR_FFT=ON/OFF
CMake Warning (dev) at gr-fft/lib/CMakeLists.txt:11 (add_library):
  ADD_LIBRARY called with SHARED option but the target platform does not
  support dynamic linking.  Building a STATIC library instead.  This may lead
  to problems.
This warning is for project developers.  Use -Wno-dev to suppress it.

CMake Warning (dev) at /opt/cpython/wasm/lib/python3.11/site-packages/pybind11/share/cmake/pybind11/pybind11Tools.cmake:165 (add_library):
  ADD_LIBRARY called with MODULE option but the target platform does not
  support dynamic linking.  Building a STATIC library instead.  This may lead
  to problems.
Call Stack (most recent call first):
  cmake/Modules/GrPybind.cmake:119 (pybind11_add_module)
  gr-fft/python/fft/bindings/CMakeLists.txt:16 (GR_PYBIND_MAKE_CHECK_HASH)
This warning is for project developers.  Use -Wno-dev to suppress it.

-- 
-- Configuring gr-filter support...
--   Dependency Boost_FOUND = TRUE
--   Dependency ENABLE_GNURADIO_RUNTIME = ON
--   Dependency ENABLE_GR_FFT = ON
--   Dependency ENABLE_GR_BLOCKS = ON
--   Enabling gr-filter support.
--   Override with -DENABLE_GR_FILTER=ON/OFF
CMake Warning (dev) at gr-filter/lib/CMakeLists.txt:11 (add_library):
  ADD_LIBRARY called with SHARED option but the target platform does not
  support dynamic linking.  Building a STATIC library instead.  This may lead
  to problems.
This warning is for project developers.  Use -Wno-dev to suppress it.

-- Python checking for pyqtgraph - not found
CMake Warning at gr-filter/CMakeLists.txt:50 (message):
  PyQtGraph and Scipy are required to run the filter design tool, but are not
  detected! Please make sure they are installed on the target system.


-- Python checking for scipy - not found
CMake Warning (dev) at /opt/cpython/wasm/lib/python3.11/site-packages/pybind11/share/cmake/pybind11/pybind11Tools.cmake:165 (add_library):
  ADD_LIBRARY called with MODULE option but the target platform does not
  support dynamic linking.  Building a STATIC library instead.  This may lead
  to problems.
Call Stack (most recent call first):
  cmake/Modules/GrPybind.cmake:119 (pybind11_add_module)
  gr-filter/python/filter/bindings/CMakeLists.txt:53 (GR_PYBIND_MAKE_CHECK_HASH)
This warning is for project developers.  Use -Wno-dev to suppress it.

-- 
-- Configuring gr-analog support...
--   Dependency ENABLE_GNURADIO_RUNTIME = ON
--   Dependency ENABLE_GR_BLOCKS = ON
--   Dependency ENABLE_GR_FFT = ON
--   Dependency ENABLE_GR_FILTER = ON
--   Enabling gr-analog support.
--   Override with -DENABLE_GR_ANALOG=ON/OFF
CMake Warning (dev) at gr-analog/lib/CMakeLists.txt:12 (add_library):
  ADD_LIBRARY called with SHARED option but the target platform does not
  support dynamic linking.  Building a STATIC library instead.  This may lead
  to problems.
This warning is for project developers.  Use -Wno-dev to suppress it.

CMake Warning (dev) at /opt/cpython/wasm/lib/python3.11/site-packages/pybind11/share/cmake/pybind11/pybind11Tools.cmake:165 (add_library):
  ADD_LIBRARY called with MODULE option but the target platform does not
  support dynamic linking.  Building a STATIC library instead.  This may lead
  to problems.
Call Stack (most recent call first):
  cmake/Modules/GrPybind.cmake:119 (pybind11_add_module)
  gr-analog/python/analog/bindings/CMakeLists.txt:44 (GR_PYBIND_MAKE_CHECK_HASH)
This warning is for project developers.  Use -Wno-dev to suppress it.

-- 
-- Configuring gr-digital support...
--   Dependency Boost_FOUND = TRUE
--   Dependency ENABLE_GNURADIO_RUNTIME = ON
--   Dependency ENABLE_GR_FFT = ON
--   Dependency ENABLE_GR_FILTER = ON
--   Dependency ENABLE_GR_BLOCKS = ON
--   Dependency ENABLE_GR_ANALOG = ON
--   Enabling gr-digital support.
--   Override with -DENABLE_GR_DIGITAL=ON/OFF
CMake Warning (dev) at gr-digital/lib/CMakeLists.txt:12 (add_library):
  ADD_LIBRARY called with SHARED option but the target platform does not
  support dynamic linking.  Building a STATIC library instead.  This may lead
  to problems.
This warning is for project developers.  Use -Wno-dev to suppress it.

CMake Warning (dev) at /opt/cpython/wasm/lib/python3.11/site-packages/pybind11/share/cmake/pybind11/pybind11Tools.cmake:165 (add_library):
  ADD_LIBRARY called with MODULE option but the target platform does not
  support dynamic linking.  Building a STATIC library instead.  This may lead
  to problems.
Call Stack (most recent call first):
  cmake/Modules/GrPybind.cmake:119 (pybind11_add_module)
  gr-digital/python/digital/bindings/CMakeLists.txt:95 (GR_PYBIND_MAKE_CHECK_HASH)
This warning is for project developers.  Use -Wno-dev to suppress it.

-- 
-- Configuring gr-dtv support...
--   Dependency ENABLE_GNURADIO_RUNTIME = ON
--   Dependency ENABLE_GR_ANALOG = ON
--   Dependency ENABLE_GR_FILTER = ON
--   Dependency ENABLE_GR_FEC = OFF
--   Disabling gr-dtv support.
--   Override with -DENABLE_GR_DTV=ON/OFF
-- 
-- Configuring gr-audio support...
--   Dependency Boost_FOUND = TRUE
--   Dependency ENABLE_GNURADIO_RUNTIME = ON
--   Disabling gr-audio support.
--   Override with -DENABLE_GR_AUDIO=ON/OFF
-- 
-- Configuring gr-channels support...
--   Dependency ENABLE_GNURADIO_RUNTIME = ON
--   Dependency ENABLE_GR_BLOCKS = ON
--   Dependency ENABLE_GR_FFT = ON
--   Dependency ENABLE_GR_FILTER = ON
--   Dependency ENABLE_GR_ANALOG = ON
--   Enabling gr-channels support.
--   Override with -DENABLE_GR_CHANNELS=ON/OFF
CMake Warning (dev) at gr-channels/lib/CMakeLists.txt:11 (add_library):
  ADD_LIBRARY called with SHARED option but the target platform does not
  support dynamic linking.  Building a STATIC library instead.  This may lead
  to problems.
This warning is for project developers.  Use -Wno-dev to suppress it.

CMake Warning (dev) at /opt/cpython/wasm/lib/python3.11/site-packages/pybind11/share/cmake/pybind11/pybind11Tools.cmake:165 (add_library):
  ADD_LIBRARY called with MODULE option but the target platform does not
  support dynamic linking.  Building a STATIC library instead.  This may lead
  to problems.
Call Stack (most recent call first):
  cmake/Modules/GrPybind.cmake:119 (pybind11_add_module)
  gr-channels/python/channels/bindings/CMakeLists.txt:18 (GR_PYBIND_MAKE_CHECK_HASH)
This warning is for project developers.  Use -Wno-dev to suppress it.

-- 
-- Configuring gr-pdu support...
--   Dependency Boost_FOUND = TRUE
--   Dependency ENABLE_GNURADIO_RUNTIME = ON
--   Dependency ENABLE_GR_BLOCKS = ON
--   Dependency ENABLE_GR_FILTER = ON
--   Enabling gr-pdu support.
--   Override with -DENABLE_GR_PDU=ON/OFF
CMake Warning (dev) at gr-pdu/lib/CMakeLists.txt:11 (add_library):
  ADD_LIBRARY called with SHARED option but the target platform does not
  support dynamic linking.  Building a STATIC library instead.  This may lead
  to problems.
This warning is for project developers.  Use -Wno-dev to suppress it.

CMake Warning (dev) at /opt/cpython/wasm/lib/python3.11/site-packages/pybind11/share/cmake/pybind11/pybind11Tools.cmake:165 (add_library):
  ADD_LIBRARY called with MODULE option but the target platform does not
  support dynamic linking.  Building a STATIC library instead.  This may lead
  to problems.
Call Stack (most recent call first):
  cmake/Modules/GrPybind.cmake:119 (pybind11_add_module)
  gr-pdu/python/pdu/bindings/CMakeLists.txt:22 (GR_PYBIND_MAKE_CHECK_HASH)
This warning is for project developers.  Use -Wno-dev to suppress it.

-- Could NOT find libiio (missing: libiio_LIBRARY libiio_INCLUDE_DIR) 
-- Could NOT find libad9361 (missing: libad9361_LIBRARY libad9361_INCLUDE_DIR) 
-- 
-- Configuring gr-iio support...
--   Dependency ENABLE_GNURADIO_RUNTIME = ON
--   Dependency ENABLE_GR_BLOCKS = ON
--   Dependency libiio_FOUND = FALSE
--   Disabling gr-iio support.
--   Override with -DENABLE_GR_IIO=ON/OFF
CMake Warning (dev) at /build/lib/cmake/Qt5Gui/Qt5Gui_QGifPlugin.cmake:2 (add_library):
  ADD_LIBRARY called with MODULE option but the target platform does not
  support dynamic linking.  Building a STATIC library instead.  This may lead
  to problems.
Call Stack (most recent call first):
  /build/lib/cmake/Qt5Gui/Qt5GuiConfig.cmake:393 (include)
  /build/lib/cmake/Qt5Widgets/Qt5WidgetsConfig.cmake:218 (find_package)
  gr-qtgui/CMakeLists.txt:15 (find_package)
This warning is for project developers.  Use -Wno-dev to suppress it.

CMake Warning (dev) at /build/lib/cmake/Qt5Gui/Qt5Gui_QICNSPlugin.cmake:2 (add_library):
  ADD_LIBRARY called with MODULE option but the target platform does not
  support dynamic linking.  Building a STATIC library instead.  This may lead
  to problems.
Call Stack (most recent call first):
  /build/lib/cmake/Qt5Gui/Qt5GuiConfig.cmake:393 (include)
  /build/lib/cmake/Qt5Widgets/Qt5WidgetsConfig.cmake:218 (find_package)
  gr-qtgui/CMakeLists.txt:15 (find_package)
This warning is for project developers.  Use -Wno-dev to suppress it.

CMake Warning (dev) at /build/lib/cmake/Qt5Gui/Qt5Gui_QICOPlugin.cmake:2 (add_library):
  ADD_LIBRARY called with MODULE option but the target platform does not
  support dynamic linking.  Building a STATIC library instead.  This may lead
  to problems.
Call Stack (most recent call first):
  /build/lib/cmake/Qt5Gui/Qt5GuiConfig.cmake:393 (include)
  /build/lib/cmake/Qt5Widgets/Qt5WidgetsConfig.cmake:218 (find_package)
  gr-qtgui/CMakeLists.txt:15 (find_package)
This warning is for project developers.  Use -Wno-dev to suppress it.

CMake Warning (dev) at /build/lib/cmake/Qt5Gui/Qt5Gui_QJpegPlugin.cmake:2 (add_library):
  ADD_LIBRARY called with MODULE option but the target platform does not
  support dynamic linking.  Building a STATIC library instead.  This may lead
  to problems.
Call Stack (most recent call first):
  /build/lib/cmake/Qt5Gui/Qt5GuiConfig.cmake:393 (include)
  /build/lib/cmake/Qt5Widgets/Qt5WidgetsConfig.cmake:218 (find_package)
  gr-qtgui/CMakeLists.txt:15 (find_package)
This warning is for project developers.  Use -Wno-dev to suppress it.

CMake Warning (dev) at /build/lib/cmake/Qt5Gui/Qt5Gui_QSvgIconPlugin.cmake:2 (add_library):
  ADD_LIBRARY called with MODULE option but the target platform does not
  support dynamic linking.  Building a STATIC library instead.  This may lead
  to problems.
Call Stack (most recent call first):
  /build/lib/cmake/Qt5Gui/Qt5GuiConfig.cmake:393 (include)
  /build/lib/cmake/Qt5Widgets/Qt5WidgetsConfig.cmake:218 (find_package)
  gr-qtgui/CMakeLists.txt:15 (find_package)
This warning is for project developers.  Use -Wno-dev to suppress it.

CMake Warning (dev) at /build/lib/cmake/Qt5Gui/Qt5Gui_QSvgPlugin.cmake:2 (add_library):
  ADD_LIBRARY called with MODULE option but the target platform does not
  support dynamic linking.  Building a STATIC library instead.  This may lead
  to problems.
Call Stack (most recent call first):
  /build/lib/cmake/Qt5Gui/Qt5GuiConfig.cmake:393 (include)
  /build/lib/cmake/Qt5Widgets/Qt5WidgetsConfig.cmake:218 (find_package)
  gr-qtgui/CMakeLists.txt:15 (find_package)
This warning is for project developers.  Use -Wno-dev to suppress it.

CMake Warning (dev) at /build/lib/cmake/Qt5Gui/Qt5Gui_QTgaPlugin.cmake:2 (add_library):
  ADD_LIBRARY called with MODULE option but the target platform does not
  support dynamic linking.  Building a STATIC library instead.  This may lead
  to problems.
Call Stack (most recent call first):
  /build/lib/cmake/Qt5Gui/Qt5GuiConfig.cmake:393 (include)
  /build/lib/cmake/Qt5Widgets/Qt5WidgetsConfig.cmake:218 (find_package)
  gr-qtgui/CMakeLists.txt:15 (find_package)
This warning is for project developers.  Use -Wno-dev to suppress it.

CMake Warning (dev) at /build/lib/cmake/Qt5Gui/Qt5Gui_QTiffPlugin.cmake:2 (add_library):
  ADD_LIBRARY called with MODULE option but the target platform does not
  support dynamic linking.  Building a STATIC library instead.  This may lead
  to problems.
Call Stack (most recent call first):
  /build/lib/cmake/Qt5Gui/Qt5GuiConfig.cmake:393 (include)
  /build/lib/cmake/Qt5Widgets/Qt5WidgetsConfig.cmake:218 (find_package)
  gr-qtgui/CMakeLists.txt:15 (find_package)
This warning is for project developers.  Use -Wno-dev to suppress it.

CMake Warning (dev) at /build/lib/cmake/Qt5Gui/Qt5Gui_QTuioTouchPlugin.cmake:2 (add_library):
  ADD_LIBRARY called with MODULE option but the target platform does not
  support dynamic linking.  Building a STATIC library instead.  This may lead
  to problems.
Call Stack (most recent call first):
  /build/lib/cmake/Qt5Gui/Qt5GuiConfig.cmake:393 (include)
  /build/lib/cmake/Qt5Widgets/Qt5WidgetsConfig.cmake:218 (find_package)
  gr-qtgui/CMakeLists.txt:15 (find_package)
This warning is for project developers.  Use -Wno-dev to suppress it.

CMake Warning (dev) at /build/lib/cmake/Qt5Gui/Qt5Gui_QVirtualKeyboardPlugin.cmake:2 (add_library):
  ADD_LIBRARY called with MODULE option but the target platform does not
  support dynamic linking.  Building a STATIC library instead.  This may lead
  to problems.
Call Stack (most recent call first):
  /build/lib/cmake/Qt5Gui/Qt5GuiConfig.cmake:393 (include)
  /build/lib/cmake/Qt5Widgets/Qt5WidgetsConfig.cmake:218 (find_package)
  gr-qtgui/CMakeLists.txt:15 (find_package)
This warning is for project developers.  Use -Wno-dev to suppress it.

CMake Warning (dev) at /build/lib/cmake/Qt5Gui/Qt5Gui_QWasmIntegrationPlugin.cmake:2 (add_library):
  ADD_LIBRARY called with MODULE option but the target platform does not
  support dynamic linking.  Building a STATIC library instead.  This may lead
  to problems.
Call Stack (most recent call first):
  /build/lib/cmake/Qt5Gui/Qt5GuiConfig.cmake:393 (include)
  /build/lib/cmake/Qt5Widgets/Qt5WidgetsConfig.cmake:218 (find_package)
  gr-qtgui/CMakeLists.txt:15 (find_package)
This warning is for project developers.  Use -Wno-dev to suppress it.

CMake Warning (dev) at /build/lib/cmake/Qt5Gui/Qt5Gui_QWbmpPlugin.cmake:2 (add_library):
  ADD_LIBRARY called with MODULE option but the target platform does not
  support dynamic linking.  Building a STATIC library instead.  This may lead
  to problems.
Call Stack (most recent call first):
  /build/lib/cmake/Qt5Gui/Qt5GuiConfig.cmake:393 (include)
  /build/lib/cmake/Qt5Widgets/Qt5WidgetsConfig.cmake:218 (find_package)
  gr-qtgui/CMakeLists.txt:15 (find_package)
This warning is for project developers.  Use -Wno-dev to suppress it.

CMake Warning (dev) at /build/lib/cmake/Qt5Gui/Qt5Gui_QWebGLIntegrationPlugin.cmake:2 (add_library):
  ADD_LIBRARY called with MODULE option but the target platform does not
  support dynamic linking.  Building a STATIC library instead.  This may lead
  to problems.
Call Stack (most recent call first):
  /build/lib/cmake/Qt5Gui/Qt5GuiConfig.cmake:393 (include)
  /build/lib/cmake/Qt5Widgets/Qt5WidgetsConfig.cmake:218 (find_package)
  gr-qtgui/CMakeLists.txt:15 (find_package)
This warning is for project developers.  Use -Wno-dev to suppress it.

CMake Warning (dev) at /build/lib/cmake/Qt5Gui/Qt5Gui_QWebpPlugin.cmake:2 (add_library):
  ADD_LIBRARY called with MODULE option but the target platform does not
  support dynamic linking.  Building a STATIC library instead.  This may lead
  to problems.
Call Stack (most recent call first):
  /build/lib/cmake/Qt5Gui/Qt5GuiConfig.cmake:393 (include)
  /build/lib/cmake/Qt5Widgets/Qt5WidgetsConfig.cmake:218 (find_package)
  gr-qtgui/CMakeLists.txt:15 (find_package)
This warning is for project developers.  Use -Wno-dev to suppress it.

CMake Warning (dev) at /build/lib/cmake/Qt5Gui/Qt5Gui_QXdgDesktopPortalThemePlugin.cmake:2 (add_library):
  ADD_LIBRARY called with MODULE option but the target platform does not
  support dynamic linking.  Building a STATIC library instead.  This may lead
  to problems.
Call Stack (most recent call first):
  /build/lib/cmake/Qt5Gui/Qt5GuiConfig.cmake:393 (include)
  /build/lib/cmake/Qt5Widgets/Qt5WidgetsConfig.cmake:218 (find_package)
  gr-qtgui/CMakeLists.txt:15 (find_package)
This warning is for project developers.  Use -Wno-dev to suppress it.

-- Python checking for PyQt5 - found
-- Checking for module 'Qt5Qwt6'
--   No package 'Qt5Qwt6' found
-- QWT Version: 6.2.0
-- Found Qwt: /build/lib/libqwt.a  
-- 
-- Configuring gr-qtgui support...
--   Dependency QT_FOUND = 1
--   Dependency QWT_FOUND = TRUE
--   Dependency ENABLE_GNURADIO_RUNTIME = ON
--   Dependency ENABLE_GR_FFT = ON
--   Dependency ENABLE_GR_FILTER = ON
--   Dependency PYTHONLIBS_FOUND = TRUE
--   Enabling gr-qtgui support.
--   Override with -DENABLE_GR_QTGUI=ON/OFF
CMake Warning (dev) at gr-qtgui/lib/CMakeLists.txt:13 (add_library):
  ADD_LIBRARY called with SHARED option but the target platform does not
  support dynamic linking.  Building a STATIC library instead.  This may lead
  to problems.
This warning is for project developers.  Use -Wno-dev to suppress it.

CMake Warning (dev) at /opt/cpython/wasm/lib/python3.11/site-packages/pybind11/share/cmake/pybind11/pybind11Tools.cmake:165 (add_library):
  ADD_LIBRARY called with MODULE option but the target platform does not
  support dynamic linking.  Building a STATIC library instead.  This may lead
  to problems.
Call Stack (most recent call first):
  cmake/Modules/GrPybind.cmake:9 (pybind11_add_module)
  gr-qtgui/python/qtgui/bindings/CMakeLists.txt:59 (GR_PYBIND_MAKE)
This warning is for project developers.  Use -Wno-dev to suppress it.

-- 
-- Configuring gr-trellis support...
--   Dependency ENABLE_GNURADIO_RUNTIME = ON
--   Dependency ENABLE_GR_ANALOG = ON
--   Dependency ENABLE_GR_BLOCKS = ON
--   Dependency ENABLE_GR_DIGITAL = ON
--   Disabling gr-trellis support.
--   Override with -DENABLE_GR_TRELLIS=ON/OFF
-- Checking for module 'uhd'
--   No package 'uhd' found
-- 
-- Configuring gr-uhd support...
--   Dependency Boost_FOUND = TRUE
--   Dependency UHD_FOUND = 0
--   Dependency ENABLE_GNURADIO_RUNTIME = ON
--   Dependency ENABLE_GR_FILTER = ON
--   Dependency ENABLE_GR_BLOCKS = ON
--   Dependency ENABLE_GR_ANALOG = ON
--   Disabling gr-uhd support.
--   Override with -DENABLE_GR_UHD=ON/OFF
-- 
-- Configuring gr-uhd UHD 4.0 RFNoC support...
--   Dependency ENABLE_GR_UHD = OFF
--   Dependency UHD_FOUR_POINT_OH_RFNOC = FALSE
--   Disabling gr-uhd UHD 4.0 RFNoC support.
--   Override with -DENABLE_UHD_RFNOC=ON/OFF
-- Python checking for Mako >= 1.1.0 - found
-- Python checking for click - not found
-- Python checking for click-plugins - not found
-- 
-- Configuring gr-utils support...
--   Dependency ENABLE_GNURADIO_RUNTIME = ON
--   Dependency ENABLE_PYTHON = ON
--   Disabling gr-utils support.
--   Override with -DENABLE_GR_UTILS=ON/OFF
-- 
-- Configuring gr_modtool support...
--   Dependency ENABLE_GNURADIO_RUNTIME = ON
--   Dependency ENABLE_PYTHON = ON
--   Disabling gr_modtool support.
--   Override with -DENABLE_GR_MODTOOL=ON/OFF
-- 
-- Configuring gr_blocktool support...
--   Dependency ENABLE_GNURADIO_RUNTIME = ON
--   Dependency ENABLE_PYTHON = ON
--   Disabling gr_blocktool support.
--   Override with -DENABLE_GR_BLOCKTOOL=ON/OFF
-- Could NOT find SDL (missing: SDL_LIBRARY) (found version "1.3.0")
-- 
-- Configuring gr-video-sdl support...
--   Dependency SDL_FOUND = FALSE
--   Dependency ENABLE_GNURADIO_RUNTIME = ON
--   Disabling gr-video-sdl support.
--   Override with -DENABLE_GR_VIDEO_SDL=ON/OFF
-- 
-- Configuring gr-vocoder support...
--   Dependency ENABLE_GNURADIO_RUNTIME = ON
--   Dependency ENABLE_GR_FFT = ON
--   Dependency ENABLE_GR_BLOCKS = ON
--   Dependency ENABLE_GR_FILTER = ON
--   Dependency ENABLE_GR_ANALOG = ON
--   Disabling gr-vocoder support.
--   Override with -DENABLE_GR_VOCODER=ON/OFF
-- Could NOT find GSL (missing: GSL_INCLUDE_DIR GSL_LIBRARY GSL_CBLAS_LIBRARY) (found version "")
-- 
-- Configuring gr-wavelet support...
--   Dependency ENABLE_GNURADIO_RUNTIME = ON
--   Dependency ENABLE_GR_BLOCKS = ON
--   Dependency ENABLE_GR_ANALOG = ON
--   Dependency GSL_FOUND = FALSE
--   Disabling gr-wavelet support.
--   Override with -DENABLE_GR_WAVELET=ON/OFF
-- Checking for module 'libzmq'
--   No package 'libzmq' found
-- Could NOT find ZeroMQ (missing: ZEROMQ_LIBRARIES ZEROMQ_INCLUDE_DIRS) 
-- 
-- Configuring gr-zeromq support...
--   Dependency ENABLE_GNURADIO_RUNTIME = ON
--   Dependency ZEROMQ_FOUND = FALSE
--   Disabling gr-zeromq support.
--   Override with -DENABLE_GR_ZEROMQ=ON/OFF
-- 
-- Configuring gr-network support...
--   Dependency Boost_FOUND = TRUE
--   Dependency ENABLE_GNURADIO_RUNTIME = ON
--   Disabling gr-network support.
--   Override with -DENABLE_GR_NETWORK=ON/OFF
CMake Warning at gr-soapy/CMakeLists.txt:15 (find_package):
  By not providing "FindSoapySDR.cmake" in CMAKE_MODULE_PATH this project has
  asked CMake to find a package configuration file provided by "SoapySDR",
  but CMake did not find one.

  Could not find a package configuration file provided by "SoapySDR"
  (requested version 0.7.2) with any of the following names:

    SoapySDRConfig.cmake
    soapysdr-config.cmake

  Add the installation prefix of "SoapySDR" to CMAKE_PREFIX_PATH or set
  "SoapySDR_DIR" to a directory containing one of the above files.  If
  "SoapySDR" provides a separate development package or SDK, be sure it has
  been installed.


-- 
-- Configuring gr-soapy support...
--   Dependency SoapySDR_FOUND = 0
--   Dependency ENABLE_GNURADIO_RUNTIME = ON
--   Disabling gr-soapy support.
--   Override with -DENABLE_GR_SOAPY=ON/OFF
-- 
-- ######################################################
-- # Gnuradio enabled components                         
-- ######################################################
--   * python-support
--   * gnuradio-runtime
--   * gnuradio-companion
--   * gr-blocks
--   * gr-fft
--   * gr-filter
--   * gr-analog
--   * gr-digital
--   * gr-channels
--   * gr-pdu
--   * gr-qtgui
-- 
-- ######################################################
-- # Gnuradio disabled components                        
-- ######################################################
--   * testing-support
--   * post-install
--   * doxygen
--   * man-pages
--   * common-precompiled-headers
--   * gr-ctrlport
--   * JSON/YAML config blocks
--   * gr-fec
--   * gr-dtv
--   * gr-audio
--   * gr-iio
--   * gr-trellis
--   * gr-uhd
--   * gr-uhd UHD 4.0 RFNoC
--   * gr-utils
--   * gr_modtool
--   * gr_blocktool
--   * gr-video-sdl
--   * gr-vocoder
--   * gr-wavelet
--   * gr-zeromq
--   * gr-network
--   * gr-soapy
-- 
-- Using install prefix: /opt/cpython/wasm
-- Building for version: 8326dda6 / 3.11.0git
-- Configuring done
-- Generating done
CMake Error at /build/lib/cmake/Qt5Gui/Qt5Gui_QSvgIconPlugin.cmake:73 (set_property):
  The link interface of target "Qt5::QSvgIconPlugin" contains:

    Qt5::Svg

  but the target was not found.  Possible reasons include:

    * There is a typo in the target name.
    * A find_package call is missing for an IMPORTED target.
    * An ALIAS target is missing.

Call Stack (most recent call first):
  /build/lib/cmake/Qt5Gui/Qt5GuiConfig.cmake:393 (include)
  /build/lib/cmake/Qt5Widgets/Qt5WidgetsConfig.cmake:218 (find_package)
  gr-qtgui/CMakeLists.txt:15 (find_package)


CMake Error at /build/lib/cmake/Qt5Gui/Qt5Gui_QSvgPlugin.cmake:73 (set_property):
  The link interface of target "Qt5::QSvgPlugin" contains:

    Qt5::Svg

  but the target was not found.  Possible reasons include:

    * There is a typo in the target name.
    * A find_package call is missing for an IMPORTED target.
    * An ALIAS target is missing.

Call Stack (most recent call first):
  /build/lib/cmake/Qt5Gui/Qt5GuiConfig.cmake:393 (include)
  /build/lib/cmake/Qt5Widgets/Qt5WidgetsConfig.cmake:218 (find_package)
  gr-qtgui/CMakeLists.txt:15 (find_package)


CMake Generate step failed.  Build files cannot be regenerated correctly.
emcmake: error: 'cmake -DCMAKE_INSTALL_PREFIX=/opt/cpython/wasm/ "-DCMAKE_CXX_FLAGS=-pthread -O3 -static --std=c17 -I/build/include" "-DCMAKE_SHARED_LINKER_FLAGS=-pthread -s USE_ZLIB -s WASM_BIGINT -s USE_PTHREADS -s ALLOW_MEMORY_GROWTH -s LLD_REPORT_UNDEFINED -s ERROR_ON_UNDEFINED_SYMBOLS=0 -s EXIT_RUNTIME -lnodefs.js -s NODERAWFS -s FORCE_FILESYSTEM -s USE_ZLIB -s USE_FREETYPE -s MAX_WEBGL_VERSION=2" -DPYTHON_EXECUTABLE=/opt/cpython/wasm/bin/python3.11 -DPYTHON_LIBRARIES=/opt/cpython/wasm/lib/python3.11 -DPYTHON_INCLUDE_DIR=/opt/cpython/wasm/include/python3.11 -DPYTHON_LIBRARY=/opt/cpython/wasm/lib/libpython3.11.a -DENABLE_DEFAULT=OFF -DMPIRXX_LIBRARY=/build/lib/libmpirxx.a -DMPIR_LIBRARY=/build/lib/libmpir.a -DMPIR_INCLUDE_DIR=/build/include -Dspdlog_DIR=/build/lib/cmake/spdlog -DENABLE_PYTHON=ON -DENABLE_GNURADIO_RUNTIME=ON -DENABLE_GRC=ON -DENABLE_GR_BLOCKS=ON -DENABLE_GR_QTGUI=ON -DENABLE_GR_FFT=ON -DENABLE_GR_FILTER=ON -DENABLE_GR_ANALOG=ON -DENABLE_GR_DIGITAL=ON -DENABLE_GR_CHANNELS=ON -DENABLE_GR_PDU=ON -DENABLE_EXAMPLES=OFF -DTRY_SHM_VMCIRCBUF=OFF -DFFTW3f_LIBRARIES=/build/lib/libfftw3f.a -DQWT_LIBRARIES=/build/lib/libqwt.a -DQt5Widgets_DIR=/build/lib/cmake/Qt5Widgets -DQt5Gui_DIR=/build/lib/cmake/Qt5Gui -DQt5Core_DIR=/build/lib/cmake/Qt5Core -DQt5FontDatabaseSupport_DIR=/build/lib/cmake/Qt5FontDatabaseSupport -DQt5EglSupport_DIR=/build/lib/cmake/Qt5EglSupport -DQt5Zlib_DIR=/build/lib/cmake/Qt5Zlib -DQt5EventDispatcherSupport_DIR=/build/lib/cmake/Qt5EventDispatcherSupport -DQWT_INCLUDE_DIRS=/build/include -DFFTW3f_INCLUDE_DIRS=/build/include -DBoost_NO_SYSTEM_PATHS=ON -DBoost_USE_STATIC_LIBS=ON/ -DBoost_USE_STATIC_RUNTIME=OFF -DBoost_USE_MULTITHREADED=ON -DCMAKE_EXECUTABLE_SUFFIX= -Dpybind11_DIR=/opt/cpython/wasm/lib/python3.11/site-packages/pybind11/share/cmake/pybind11 -Dfmt_DIR=/build/lib/cmake/fmt -DVolk_DIR=/build/lib/cmake/volk -DBoost_INCLUDE_DIR=/build/include -DBoost_LIBRARY_DIR=/build/lib/ ../ -DCMAKE_TOOLCHAIN_FILE=/opt/emsdk/upstream/emscripten/cmake/Modules/Platform/Emscripten.cmake -DCMAKE_CROSSCOMPILING_EMULATOR=/opt/emsdk/node/14.18.2_64bit/bin/node;--experimental-wasm-threads' failed (returned 1)
ERROR: Service 'gnuradio' failed to build: The command '/bin/sh -c mkdir -p /opt/gnuradio/build &&     cd /opt/gnuradio/build && emcmake cmake     -DCMAKE_INSTALL_PREFIX=/opt/cpython/wasm/     -DCMAKE_CXX_FLAGS="${CFLAGS} --std=c17 -I/build/include"     -DCMAKE_SHARED_LINKER_FLAGS="${LDFLAGS} -s USE_ZLIB -s USE_FREETYPE -s MAX_WEBGL_VERSION=2"     -DPYTHON_EXECUTABLE=/opt/cpython/wasm/bin/python3.11     -DPYTHON_LIBRARIES=/opt/cpython/wasm/lib/python3.11     -DPYTHON_INCLUDE_DIR=/opt/cpython/wasm/include/python3.11     -DPYTHON_LIBRARY=/opt/cpython/wasm/lib/libpython3.11.a     -DENABLE_DEFAULT=OFF     -DMPIRXX_LIBRARY=/build/lib/libmpirxx.a     -DMPIR_LIBRARY=/build/lib/libmpir.a     -DMPIR_INCLUDE_DIR=/build/include     -Dspdlog_DIR=/build/lib/cmake/spdlog     -DENABLE_PYTHON=ON     -DENABLE_GNURADIO_RUNTIME=ON     -DENABLE_GRC=ON     -DENABLE_GR_BLOCKS=ON     -DENABLE_GR_QTGUI=ON     -DENABLE_GR_FFT=ON     -DENABLE_GR_FILTER=ON     -DENABLE_GR_ANALOG=ON     -DENABLE_GR_DIGITAL=ON     -DENABLE_GR_CHANNELS=ON     -DENABLE_GR_PDU=ON     -DENABLE_EXAMPLES=OFF     -DTRY_SHM_VMCIRCBUF=OFF     -DFFTW3f_LIBRARIES=/build/lib/libfftw3f.a     -DQWT_LIBRARIES=/build/lib/libqwt.a     -DQt5Widgets_DIR=/build/lib/cmake/Qt5Widgets     -DQt5Gui_DIR=/build/lib/cmake/Qt5Gui     -DQt5Core_DIR=/build/lib/cmake/Qt5Core     -DQt5FontDatabaseSupport_DIR=/build/lib/cmake/Qt5FontDatabaseSupport     -DQt5EglSupport_DIR=/build/lib/cmake/Qt5EglSupport     -DQt5Zlib_DIR=/build/lib/cmake/Qt5Zlib     -DQt5EventDispatcherSupport_DIR=/build/lib/cmake/Qt5EventDispatcherSupport     -DQWT_INCLUDE_DIRS=/build/include     -DFFTW3f_INCLUDE_DIRS=/build/include     -DBoost_NO_SYSTEM_PATHS=ON     -DBoost_USE_STATIC_LIBS=ON/     -DBoost_USE_STATIC_RUNTIME=OFF     -DBoost_USE_MULTITHREADED=ON     -DCMAKE_EXECUTABLE_SUFFIX=''     -Dpybind11_DIR=/opt/cpython/wasm/lib/python3.11/site-packages/pybind11/share/cmake/pybind11     -Dfmt_DIR=/build/lib/cmake/fmt     -DVolk_DIR=/build/lib/cmake/volk     -DBoost_INCLUDE_DIR=/build/include     -DBoost_LIBRARY_DIR=/build/lib/     ../' returned a non-zero code: 1
make: *** [Makefile:97: gnuradio] Error 1