Step 51/59 : RUN cp /opt/cpython/wasm/python* /opt/cpython/wasm/bin/
 ---> Running in b2d7b4e1d27e
Removing intermediate container b2d7b4e1d27e
 ---> ee9546af2016
Step 52/59 : RUN cd /opt/cpython/wasm && rm -f ./python && emmake make FREEZE_MODULE_BOOTSTRAP=/opt/cpython/wasm/bin/python3.11-i386 PYTHON_FOR_FREEZE=/opt/cpython/wasm/bin/python3.11-i386 FREEZE_MODULE="/opt/cpython/wasm/Programs/_freeze_module" -n python | sed "s/\-lnodefs.js \-s NODERAWFS/--bind -s USE_FREETYPE -s USE_PTHREADS -s EXPORTED_RUNTIME_METHODS=['stringToUTF16'] -s PTHREAD_POOL_SIZE_STRICT=0 --std=c++17 -s EVAL_CTORS/g" | sed "s/\-s INITIAL_MEMORY=1gb//g" > /opt/cpython/wasm/python-build-command.txt
 ---> Running in efbfa69f5a1e
make: make FREEZE_MODULE_BOOTSTRAP=/opt/cpython/wasm/bin/python3.11-i386 PYTHON_FOR_FREEZE=/opt/cpython/wasm/bin/python3.11-i386 FREEZE_MODULE=/opt/cpython/wasm/Programs/_freeze_module -n python
Removing intermediate container efbfa69f5a1e
 ---> e6c4356f7283
Step 53/59 : RUN cd /opt/cpython/wasm && cp -r share lib/ && cp -r etc lib/
 ---> Running in 37201ee99f26
Removing intermediate container 37201ee99f26
 ---> 2685ed9767d1
Step 54/59 : RUN echo "[grc] \nglobal_blocks_path = /lib/share/gnuradio/grc/blocks \nlocal_blocks_path = \ndefault_flow_graph = \nxterm_executable =  \ncanvas_font_size = 8 \ncanvas_default_size = 1280, 1024 \nenabled_components = python-support;gnuradio-runtime;gnuradio-companion;gr-blocks;gr-digital;gr-analog;gr-channels;gr-filter;gr-fft;gr-pdu;gr-qtgui \n" > /opt/cpython/wasm/lib/etc/gnuradio/conf.d/grc.conf
 ---> Running in 5a95f54df5cd
Removing intermediate container 5a95f54df5cd
 ---> 8cf76cded08b
Step 55/59 : RUN sed -i "s/from yaml\._yaml/from _yaml/g" /opt/cpython/wasm/lib/python3.11/site-packages/PyYAML-6.0-py3.11-linux-x86_64.egg/yaml/cyaml.py
 ---> Running in 4cdfdcf73eb0
Removing intermediate container 4cdfdcf73eb0
 ---> b0fd6cf2b4f5
Step 56/59 : RUN cp -r /opt/gnuradio/grc/gui_qt /opt/cpython/wasm/lib/python3.11/site-packages/gnuradio/grc/gui_qt
 ---> Running in d470c89e41ff
Removing intermediate container d470c89e41ff
 ---> 047bbc7d41d8
Step 57/59 : RUN sed -E -i "s/_\(('.+?')\)/\1/g" /opt/cpython/wasm/lib/python3.11/site-packages/gnuradio/grc/gui_qt/components/window.py
 ---> Running in 8896172c6e33
Removing intermediate container 8896172c6e33
 ---> 0a34cf649e6e
Step 58/59 : RUN sed -i "s/self.resize(screen.width() \* 0.50, screen.height())/self.resize(int(screen.width() * 0.50), screen.height())/g" /opt/cpython/wasm/lib/python3.11/site-packages/gnuradio/grc/gui_qt/components/window.py
 ---> Running in e8a4fb3ab51e
Removing intermediate container e8a4fb3ab51e
 ---> 84ce1f3c7228
Step 59/59 : RUN cd /opt/cpython/wasm && bash /opt/cpython/wasm/python-build-command.txt &&     cp /opt/cpython/wasm/python* /opt/cpython/wasm/bin/ &&     mkdir -p /build/base && cp -r /opt/cpython/wasm /build/base/ &&     cp /build/base/wasm/python /build/base/wasm/python.js
 ---> Running in 83138e811304
emcc: warning: USE_PTHREADS + ALLOW_MEMORY_GROWTH may run non-wasm code slowly, see https://github.com/WebAssembly/design/issues/1271 [-Wpthreads-mem-growth]
ports:INFO: retrieving port: freetype from https://github.com/emscripten-ports/FreeType/archive/version_1.zip
ports:INFO: unpacking port: freetype
cache:INFO: generating port: sysroot/lib/wasm32-emscripten/libfreetype.a... (this will be cached in "/opt/emsdk/upstream/emscripten/cache/sysroot/lib/wasm32-emscripten/libfreetype.a" for subsequent builds)
cache:INFO:  - ok
wasm-ld: warning: function signature mismatch: random_multinomial
>>> defined as (i32, i64, i32, i32, i32, i32) -> void in /opt/numpy-static/_generator.cpython-311.bc
>>> defined as (i32, i32, i32, i32, i32, i32) -> void in /opt/numpy-static/mtrand.cpython-311.bc
warning: undefined symbol: prctl (referenced by top-level compiled C/C++ code)
warning: undefined symbol: pthread_setaffinity_np (referenced by top-level compiled C/C++ code)
warning: undefined symbol: random_hypergeometric (referenced by top-level compiled C/C++ code)
warning: undefined symbol: random_multivariate_hypergeometric_count (referenced by top-level compiled C/C++ code)
warning: undefined symbol: random_multivariate_hypergeometric_marginals (referenced by top-level compiled C/C++ code)
Removing intermediate container 83138e811304
 ---> fb7d9f07cce4
Successfully built fb7d9f07cce4
Successfully tagged gnuradio:dev
rm -rf ./build-output/gnuradio
docker-compose run -u 1000:1000 gnuradio cp -r /build/base/wasm /build-output/gnuradio
cp: cannot create directory '/build-output/gnuradio': Permission denied
make: *** [Makefile:99: gnuradio] Error 1
shh@shh:~/gnuradio-web$  sudo make webapp